2025-05-20 00:07:59 info: Trending posts update job initialized
2025-05-20 00:08:01 info: Trending posts update job initialized
2025-05-20 00:08:42 error: Error initializing trending updates
2025-05-20 00:08:55 error: Error initializing trending updates
2025-05-20 00:08:58 error: Error initializing trending updates
2025-05-20 00:09:03 error: Error initializing trending updates
2025-05-20 00:09:05 error: Error initializing trending updates
2025-05-20 00:09:09 error: Error initializing trending updates
2025-05-20 00:09:23 error: Error initializing trending updates
2025-05-20 00:09:25 error: Error initializing trending updates
2025-05-20 00:09:26 error: Error initializing trending updates
2025-05-20 00:09:42 error: Error initializing trending updates
2025-05-20 00:10:43 error: Error initializing trending updates
2025-05-20 00:10:50 error: Error initializing trending updates
2025-05-20 00:11:03 error: Error initializing trending updates
2025-05-20 00:11:30 debug: Testing current Date: Tue May 20 2025 00:11:30 GMT+0300 (Eastern European Summer Time)
2025-05-20 00:11:30 error: Error initializing trending updates
2025-05-19 21:12:22 debug: Testing current Date: Mon May 19 2025 21:12:22 GMT+0000 (Coordinated Universal Time)
2025-05-19 21:12:22 info: Trending posts update job initialized
2025-05-19 21:12:30 info: Distribution scheduler initialized
2025-05-19 21:12:30 debug: Testing current Date: Mon May 19 2025 21:12:30 GMT+0000 (Coordinated Universal Time)
2025-05-19 21:12:30 info: Trending posts update job initialized
2025-05-19 21:12:38 info: Distribution scheduler initialized
2025-05-19 21:12:38 info: Trending posts update job initialized
2025-05-19 21:12:54 error: ERROR 💥
2025-05-19 21:13:00 info: Found 0 distributions to process
2025-05-19 21:13:14 error: Error sending email
2025-05-19 21:13:14 error: Error sending verification email
2025-05-19 21:13:14 error: ERROR 💥
2025-05-19 21:13:50 info: Distribution scheduler initialized
2025-05-19 21:13:50 info: Trending posts update job initialized
2025-05-19 21:13:55 info: Distribution scheduler initialized
2025-05-19 21:13:55 info: Trending posts update job initialized
2025-05-19 21:13:58 info: Distribution scheduler initialized
2025-05-19 21:13:58 info: Trending posts update job initialized
2025-05-19 21:14:00 info: Found 0 distributions to process
2025-05-19 21:14:13 error: Error sending email
2025-05-19 21:14:14 error: Error sending verification email
2025-05-19 21:14:14 error: ERROR 💥
2025-05-19 21:14:55 info: Distribution scheduler initialized
2025-05-19 21:14:55 info: Trending posts update job initialized
2025-05-19 21:15:00 info: Found 0 distributions to process
2025-05-19 21:15:08 info: Distribution scheduler initialized
2025-05-19 21:15:08 info: Trending posts update job initialized
2025-05-19 21:15:18 info: Distribution scheduler initialized
2025-05-19 21:15:18 info: Trending posts update job initialized
2025-05-19 21:15:26 error: Error sending email
2025-05-19 21:15:26 error: Error sending verification email
2025-05-19 21:15:26 error: ERROR 💥
2025-05-19 21:15:37 info: Distribution scheduler initialized
2025-05-19 21:15:37 info: Trending posts update job initialized
2025-05-19 21:16:00 info: Found 0 distributions to process
2025-05-19 21:17:00 info: Found 0 distributions to process
2025-05-19 21:17:09 info: Email sent successfully
2025-05-19 21:17:19 error: ERROR 💥
2025-05-19 21:17:20 error: ERROR 💥
2025-05-19 21:18:00 info: Found 0 distributions to process
2025-05-19 21:18:27 info: Distribution scheduler initialized
2025-05-19 21:18:27 info: Trending posts update job initialized
2025-05-19 21:19:00 info: Found 0 distributions to process
2025-05-19 21:19:05 error: ERROR 💥
2025-05-19 21:19:19 info: Email sent successfully
2025-05-19 21:20:00 info: Found 0 distributions to process
2025-05-19 21:21:00 info: Found 0 distributions to process
2025-05-19 21:22:00 info: Found 0 distributions to process
2025-05-19 21:23:00 info: Found 0 distributions to process
2025-05-19 21:24:00 info: Found 0 distributions to process
2025-05-19 21:25:00 info: Found 0 distributions to process
2025-05-19 21:26:00 info: Found 0 distributions to process
2025-05-19 21:27:00 info: Found 0 distributions to process
2025-05-19 21:28:00 info: Found 0 distributions to process
2025-05-19 21:29:00 info: Found 0 distributions to process
2025-05-19 21:30:00 info: Found 0 distributions to process
2025-05-19 21:31:00 info: Found 0 distributions to process
2025-05-19 21:32:00 info: Found 0 distributions to process
2025-05-19 21:33:00 info: Found 0 distributions to process
2025-05-19 21:34:00 info: Found 0 distributions to process
2025-05-19 21:35:00 info: Found 0 distributions to process
2025-05-19 21:36:00 info: Found 0 distributions to process
2025-05-19 21:37:00 info: Found 0 distributions to process
2025-05-19 21:38:03 info: Distribution scheduler initialized
2025-05-19 21:38:03 info: Trending posts update job initialized
2025-05-19 21:38:19 info: Distribution scheduler initialized
2025-05-19 21:38:19 info: Trending posts update job initialized
2025-05-19 21:38:33 info: Distribution scheduler initialized
2025-05-19 21:38:33 info: Trending posts update job initialized
2025-05-19 21:38:40 info: Distribution scheduler initialized
2025-05-19 21:38:40 info: Trending posts update job initialized
2025-05-19 21:38:50 info: Email sent successfully
2025-05-19 21:39:00 info: Found 0 distributions to process
2025-05-19 21:40:00 info: Found 0 distributions to process
2025-05-19 21:41:00 info: Found 0 distributions to process
2025-05-19 21:42:00 info: Found 0 distributions to process
2025-05-19 21:42:10 error: ERROR 💥
2025-05-19 21:42:29 error: ERROR 💥
2025-05-19 21:42:44 error: ERROR 💥
2025-05-19 21:43:00 info: Found 0 distributions to process
2025-05-19 21:43:11 error: ERROR 💥
2025-05-19 21:43:39 error: ERROR 💥
2025-05-19 21:44:00 info: Found 0 distributions to process
2025-05-19 21:44:32 error: ERROR 💥
2025-05-19 21:44:36 error: ERROR 💥
2025-05-19 21:44:42 error: ERROR 💥
2025-05-19 21:44:50 error: ERROR 💥
2025-05-19 21:45:00 info: Found 0 distributions to process
2025-05-19 21:46:00 info: Found 0 distributions to process
2025-05-19 21:46:15 error: ERROR 💥
2025-05-19 21:46:15 error: ERROR 💥
2025-05-19 21:46:15 error: ERROR 💥
2025-05-19 21:46:20 error: ERROR 💥
2025-05-19 21:46:49 error: Error parsing WordPress XML file
2025-05-19 21:46:49 error: WordPress preview failed
2025-05-19 21:46:49 error: ERROR 💥
2025-05-19 21:47:00 info: Found 0 distributions to process
2025-05-19 21:48:00 info: Found 0 distributions to process
2025-05-19 21:48:40 error: WordPress import failed
2025-05-19 21:48:40 error: WordPress import failed
2025-05-19 21:49:00 info: Found 0 distributions to process
2025-05-19 21:50:00 info: Found 0 distributions to process
2025-05-19 21:51:00 info: Found 0 distributions to process
2025-05-19 21:52:00 info: Found 0 distributions to process
2025-05-19 21:53:00 info: Found 0 distributions to process
2025-05-19 21:54:00 info: Found 0 distributions to process
2025-05-19 21:55:00 info: Found 0 distributions to process
2025-05-19 21:56:00 info: Found 0 distributions to process
2025-05-19 21:57:00 info: Found 0 distributions to process
2025-05-19 21:58:00 info: Found 0 distributions to process
2025-05-19 21:59:00 info: Found 0 distributions to process
2025-05-19 22:00:00 info: Found 0 distributions to process
2025-05-19 22:00:00 info: Updated trending posts: 0 posts marked as trending
2025-05-19 22:01:00 info: Found 0 distributions to process
2025-05-19 22:02:00 info: Found 0 distributions to process
2025-05-19 22:03:00 info: Found 0 distributions to process
2025-05-19 22:04:00 info: Found 0 distributions to process
2025-05-19 22:05:00 info: Found 0 distributions to process
2025-05-19 22:06:00 info: Found 0 distributions to process
2025-05-19 22:07:00 info: Found 0 distributions to process
2025-05-19 22:08:00 info: Found 0 distributions to process
2025-05-19 22:09:00 info: Found 0 distributions to process
2025-05-19 22:10:00 info: Found 0 distributions to process
2025-05-19 22:11:00 info: Found 0 distributions to process
2025-05-19 22:12:00 info: Found 0 distributions to process
2025-05-19 22:13:00 info: Found 0 distributions to process
2025-05-19 22:14:00 info: Found 0 distributions to process
2025-05-19 22:15:00 info: Found 0 distributions to process
2025-05-19 22:16:00 info: Found 0 distributions to process
2025-05-19 22:17:00 info: Found 0 distributions to process
2025-05-19 22:18:00 info: Found 0 distributions to process
2025-05-19 22:19:00 info: Found 0 distributions to process
2025-05-19 22:20:00 info: Found 0 distributions to process
2025-05-19 22:21:00 info: Found 0 distributions to process
2025-05-19 22:22:00 info: Found 0 distributions to process
2025-05-19 22:23:00 info: Found 0 distributions to process
2025-05-19 22:24:00 info: Found 0 distributions to process
2025-05-19 22:25:00 info: Found 0 distributions to process
2025-05-19 22:26:00 info: Found 0 distributions to process
2025-05-19 22:27:00 info: Found 0 distributions to process
2025-05-19 22:28:00 info: Found 0 distributions to process
2025-05-19 22:29:00 info: Found 0 distributions to process
2025-05-19 22:30:00 info: Found 0 distributions to process
2025-05-19 22:31:00 info: Found 0 distributions to process
2025-05-19 22:32:00 info: Found 0 distributions to process
2025-05-19 22:33:00 info: Found 0 distributions to process
2025-05-19 22:34:00 info: Found 0 distributions to process
2025-05-19 22:35:00 info: Found 0 distributions to process
2025-05-19 22:36:00 info: Found 0 distributions to process
2025-05-19 22:36:31 error: ERROR 💥
2025-05-19 22:36:53 error: ERROR 💥
2025-05-19 22:37:00 info: Found 0 distributions to process
2025-05-19 22:37:56 error: ERROR 💥
2025-05-19 22:37:56 error: ERROR 💥
2025-05-19 22:38:00 info: Found 0 distributions to process
2025-05-19 22:38:09 error: ERROR 💥
2025-05-19 22:38:09 error: ERROR 💥
2025-05-19 22:39:00 info: Found 0 distributions to process
2025-05-19 22:39:11 error: ERROR 💥
2025-05-19 22:39:11 error: ERROR 💥
2025-05-19 22:40:00 info: Found 0 distributions to process
2025-05-19 22:41:00 info: Found 0 distributions to process
2025-05-19 22:42:00 info: Found 0 distributions to process
2025-05-19 22:43:00 info: Found 0 distributions to process
2025-05-19 22:44:00 info: Found 0 distributions to process
2025-05-19 22:45:00 info: Found 0 distributions to process
2025-05-19 22:46:00 info: Found 0 distributions to process
2025-05-19 22:47:00 info: Found 0 distributions to process
2025-05-19 22:48:00 info: Found 0 distributions to process
2025-05-19 22:49:00 info: Found 0 distributions to process
2025-05-19 22:50:00 info: Found 0 distributions to process
2025-05-19 22:51:00 info: Found 0 distributions to process
2025-05-19 22:52:00 info: Found 0 distributions to process
2025-05-19 22:53:00 info: Found 0 distributions to process
2025-05-19 22:53:37 info: Post created
2025-05-19 22:54:00 info: Found 0 distributions to process
2025-05-19 22:55:00 info: Found 0 distributions to process
2025-05-19 22:55:39 info: Distribution scheduler initialized
2025-05-19 22:55:39 info: Trending posts update job initialized
2025-05-19 22:56:00 info: Found 0 distributions to process
2025-05-19 22:57:00 info: Found 0 distributions to process
2025-05-19 22:57:40 info: Distribution scheduler initialized
2025-05-19 22:57:40 info: Trending posts update job initialized
2025-05-19 22:58:00 info: Found 0 distributions to process
2025-05-19 22:59:00 info: Found 0 distributions to process
2025-05-19 22:59:04 info: Distribution scheduler initialized
2025-05-19 22:59:04 info: Trending posts update job initialized
2025-05-19 22:59:40 info: Distribution scheduler initialized
2025-05-19 22:59:40 info: Trending posts update job initialized
2025-05-19 22:59:54 info: Distribution scheduler initialized
2025-05-19 22:59:54 info: Trending posts update job initialized
2025-05-19 22:59:57 info: Distribution scheduler initialized
2025-05-19 22:59:57 info: Trending posts update job initialized
2025-05-19 23:00:00 info: Found 0 distributions to process
2025-05-19 23:00:06 info: Distribution scheduler initialized
2025-05-19 23:00:06 info: Trending posts update job initialized
2025-05-19 23:00:20 info: Distribution scheduler initialized
2025-05-19 23:00:20 info: Trending posts update job initialized
2025-05-19 23:00:23 info: Distribution scheduler initialized
2025-05-19 23:00:23 info: Trending posts update job initialized
2025-05-19 23:00:34 info: Distribution scheduler initialized
2025-05-19 23:00:34 info: Trending posts update job initialized
2025-05-19 23:00:40 info: Distribution scheduler initialized
2025-05-19 23:00:40 info: Trending posts update job initialized
2025-05-19 23:00:42 info: Distribution scheduler initialized
2025-05-19 23:00:42 info: Trending posts update job initialized
2025-05-19 23:00:55 info: Distribution scheduler initialized
2025-05-19 23:00:55 info: Trending posts update job initialized
2025-05-19 23:01:00 info: Found 0 distributions to process
2025-05-19 23:01:26 error: ERROR 💥
2025-05-19 23:02:00 info: Found 0 distributions to process
2025-05-19 23:02:02 info: Distribution scheduler initialized
2025-05-19 23:02:02 info: Trending posts update job initialized
2025-05-19 23:02:17 info: Distribution scheduler initialized
2025-05-19 23:02:17 info: Trending posts update job initialized
2025-05-19 23:02:20 info: Distribution scheduler initialized
2025-05-19 23:02:20 info: Trending posts update job initialized
2025-05-19 23:02:39 info: Distribution scheduler initialized
2025-05-19 23:02:39 info: Trending posts update job initialized
2025-05-19 23:02:54 info: Distribution scheduler initialized
2025-05-19 23:02:54 info: Trending posts update job initialized
2025-05-19 23:03:00 info: Found 0 distributions to process
2025-05-19 23:03:02 info: Distribution scheduler initialized
2025-05-19 23:03:02 info: Trending posts update job initialized
2025-05-19 23:03:26 info: Distribution scheduler initialized
2025-05-19 23:03:26 info: Trending posts update job initialized
2025-05-19 23:04:00 info: Found 0 distributions to process
2025-05-19 23:04:49 info: Distribution scheduler initialized
2025-05-19 23:04:49 info: Trending posts update job initialized
2025-05-19 23:05:00 info: Found 0 distributions to process
2025-05-19 23:05:02 info: Distribution scheduler initialized
2025-05-19 23:05:02 info: Trending posts update job initialized
2025-05-19 23:05:25 info: Distribution scheduler initialized
2025-05-19 23:05:25 info: Trending posts update job initialized
2025-05-19 23:05:32 info: Distribution scheduler initialized
2025-05-19 23:05:32 info: Trending posts update job initialized
2025-05-19 23:05:33 info: Distribution scheduler initialized
2025-05-19 23:05:33 info: Trending posts update job initialized
2025-05-19 23:05:41 info: Distribution scheduler initialized
2025-05-19 23:05:41 info: Trending posts update job initialized
2025-05-19 23:06:02 info: Distribution scheduler initialized
2025-05-19 23:06:02 info: Trending posts update job initialized
2025-05-19 23:06:05 info: Distribution scheduler initialized
2025-05-19 23:06:05 info: Trending posts update job initialized
2025-05-19 23:06:12 info: Distribution scheduler initialized
2025-05-19 23:06:12 info: Trending posts update job initialized
2025-05-19 23:06:39 info: Distribution scheduler initialized
2025-05-19 23:06:39 info: Trending posts update job initialized
2025-05-19 23:07:00 info: Found 0 distributions to process
2025-05-19 23:07:41 info: Distribution scheduler initialized
2025-05-19 23:07:41 info: Trending posts update job initialized
2025-05-19 23:08:00 info: Found 0 distributions to process
2025-05-19 23:09:00 info: Found 0 distributions to process
2025-05-19 23:10:25 info: Distribution scheduler initialized
2025-05-19 23:10:25 info: Trending posts update job initialized
2025-05-19 23:11:04 info: Distribution scheduler initialized
2025-05-19 23:11:04 info: Trending posts update job initialized
2025-05-19 23:11:22 info: Distribution scheduler initialized
2025-05-19 23:11:22 info: Trending posts update job initialized
2025-05-19 23:12:06 info: Distribution scheduler initialized
2025-05-19 23:12:06 info: Trending posts update job initialized
2025-05-19 23:12:46 info: Distribution scheduler initialized
2025-05-19 23:12:46 info: Trending posts update job initialized
2025-05-19 23:13:00 info: Found 0 distributions to process
2025-05-19 23:13:37 info: Distribution scheduler initialized
2025-05-19 23:13:37 info: Trending posts update job initialized
2025-05-19 23:13:48 info: Distribution scheduler initialized
2025-05-19 23:13:48 info: Trending posts update job initialized
2025-05-19 23:13:54 error: ERROR 💥
2025-05-19 23:14:00 info: Found 0 distributions to process
2025-05-19 23:14:14 info: Distribution scheduler initialized
2025-05-19 23:14:14 info: Trending posts update job initialized
2025-05-19 23:14:27 info: Distribution scheduler initialized
2025-05-19 23:14:27 info: Trending posts update job initialized
2025-05-19 23:14:35 info: Distribution scheduler initialized
2025-05-19 23:14:35 info: Trending posts update job initialized
2025-05-19 23:15:00 info: Found 0 distributions to process
2025-05-19 23:15:04 info: Distribution scheduler initialized
2025-05-19 23:15:04 info: Trending posts update job initialized
2025-05-19 23:15:43 info: Distribution scheduler initialized
2025-05-19 23:15:43 info: Trending posts update job initialized
2025-05-19 23:16:00 info: Found 0 distributions to process
2025-05-19 23:16:25 info: Distribution scheduler initialized
2025-05-19 23:16:25 info: Trending posts update job initialized
2025-05-19 23:16:41 info: Distribution scheduler initialized
2025-05-19 23:16:41 info: Trending posts update job initialized
2025-05-19 23:18:06 info: Distribution scheduler initialized
2025-05-19 23:18:06 info: Trending posts update job initialized
2025-05-19 23:18:27 error: ERROR 💥
2025-05-19 23:18:31 error: ERROR 💥
2025-05-19 23:18:36 info: Distribution scheduler initialized
2025-05-19 23:18:36 info: Trending posts update job initialized
2025-05-19 23:18:38 error: ERROR 💥
2025-05-19 23:18:53 info: Distribution scheduler initialized
2025-05-19 23:18:53 info: Trending posts update job initialized
2025-05-19 23:18:58 info: Email sent successfully
2025-05-19 23:19:00 info: Found 0 distributions to process
2025-05-19 23:19:05 info: Distribution scheduler initialized
2025-05-19 23:19:05 info: Trending posts update job initialized
2025-05-19 23:19:10 info: Distribution scheduler initialized
2025-05-19 23:19:10 info: Trending posts update job initialized
2025-05-19 23:20:00 info: Found 0 distributions to process
2025-05-19 23:21:00 info: Found 0 distributions to process
2025-05-19 23:21:57 info: Post created
2025-05-19 23:22:00 info: Found 0 distributions to process
2025-05-19 23:22:08 error: ERROR 💥
2025-05-19 23:22:36 error: ERROR 💥
2025-05-19 23:22:58 info: Category created
2025-05-19 23:23:00 info: Found 0 distributions to process
2025-05-19 23:23:02 error: ERROR 💥
2025-05-19 23:24:00 info: Found 0 distributions to process
2025-05-19 23:25:00 info: Found 0 distributions to process
2025-05-19 23:25:43 info: Distribution scheduler initialized
2025-05-19 23:25:43 info: Trending posts update job initialized
2025-05-19 23:26:00 info: Found 0 distributions to process
2025-05-19 23:27:00 info: Found 0 distributions to process
2025-05-19 23:28:00 info: Found 0 distributions to process
2025-05-19 23:29:00 info: Found 0 distributions to process
2025-05-19 23:30:00 info: Found 0 distributions to process
2025-05-19 23:30:23 info: Post created
2025-05-19 23:31:00 info: Found 0 distributions to process
2025-05-19 23:31:32 info: Distribution scheduler initialized
2025-05-19 23:31:32 info: Trending posts update job initialized
2025-05-19 23:31:40 info: Distribution scheduler initialized
2025-05-19 23:31:40 info: Trending posts update job initialized
2025-05-19 23:31:47 info: Distribution scheduler initialized
2025-05-19 23:31:47 info: Trending posts update job initialized
2025-05-19 23:32:00 info: Found 0 distributions to process
2025-05-19 23:32:39 info: Distribution scheduler initialized
2025-05-19 23:32:39 info: Trending posts update job initialized
2025-05-19 23:33:00 info: Found 0 distributions to process
2025-05-19 23:34:00 info: Found 0 distributions to process
2025-05-19 23:34:15 info: Distribution scheduler initialized
2025-05-19 23:34:15 info: Trending posts update job initialized
2025-05-19 23:34:57 info: Distribution scheduler initialized
2025-05-19 23:34:57 info: Trending posts update job initialized
2025-05-19 23:35:00 info: Found 0 distributions to process
2025-05-19 23:35:10 info: Distribution scheduler initialized
2025-05-19 23:35:10 info: Trending posts update job initialized
2025-05-19 23:35:13 info: Distribution scheduler initialized
2025-05-19 23:35:13 info: Trending posts update job initialized
2025-05-19 23:35:17 info: Distribution scheduler initialized
2025-05-19 23:35:17 info: Trending posts update job initialized
2025-05-19 23:35:27 info: Distribution scheduler initialized
2025-05-19 23:35:27 info: Trending posts update job initialized
2025-05-19 23:35:33 info: Distribution scheduler initialized
2025-05-19 23:35:33 info: Trending posts update job initialized
2025-05-19 23:35:36 info: Distribution scheduler initialized
2025-05-19 23:35:36 info: Trending posts update job initialized
2025-05-19 23:35:59 info: Distribution scheduler initialized
2025-05-19 23:35:59 info: Trending posts update job initialized
2025-05-19 23:36:00 info: Found 0 distributions to process
2025-05-19 23:36:12 info: Distribution scheduler initialized
2025-05-19 23:36:12 info: Trending posts update job initialized
2025-05-19 23:36:54 info: Distribution scheduler initialized
2025-05-19 23:36:54 info: Trending posts update job initialized
2025-05-19 23:36:56 info: Distribution scheduler initialized
2025-05-19 23:36:56 info: Trending posts update job initialized
2025-05-19 23:37:00 info: Distribution scheduler initialized
2025-05-19 23:37:00 info: Trending posts update job initialized
2025-05-19 23:37:03 info: Distribution scheduler initialized
2025-05-19 23:37:03 info: Trending posts update job initialized
2025-05-19 23:37:05 info: Distribution scheduler initialized
2025-05-19 23:37:05 info: Trending posts update job initialized
2025-05-19 23:37:12 info: Distribution scheduler initialized
2025-05-19 23:37:12 info: Trending posts update job initialized
2025-05-19 23:38:00 info: Found 0 distributions to process
2025-05-19 23:38:07 error: ERROR 💥
2025-05-19 23:38:07 error: ERROR 💥
2025-05-19 23:38:11 error: ERROR 💥
2025-05-19 23:38:12 error: ERROR 💥
2025-05-19 23:38:14 error: ERROR 💥
2025-05-19 23:38:14 error: ERROR 💥
2025-05-19 23:39:00 info: Found 0 distributions to process
2025-05-19 23:39:21 error: ERROR 💥
2025-05-19 23:40:00 info: Found 0 distributions to process
2025-05-19 23:41:00 info: Found 0 distributions to process
2025-05-19 23:42:00 info: Found 0 distributions to process
2025-05-19 23:43:00 info: Found 0 distributions to process
2025-05-19 23:44:00 info: Found 0 distributions to process
2025-05-19 23:45:00 info: Found 0 distributions to process
2025-05-19 23:45:18 info: Distribution scheduler initialized
2025-05-19 23:45:18 info: Trending posts update job initialized
2025-05-19 23:45:20 info: Distribution scheduler initialized
2025-05-19 23:45:20 info: Trending posts update job initialized
2025-05-19 23:45:25 info: Distribution scheduler initialized
2025-05-19 23:45:25 info: Trending posts update job initialized
2025-05-19 23:45:30 info: Distribution scheduler initialized
2025-05-19 23:45:30 info: Trending posts update job initialized
2025-05-19 23:46:00 info: Found 0 distributions to process
2025-05-19 23:47:00 info: Found 0 distributions to process
2025-05-19 23:48:00 info: Found 0 distributions to process
2025-05-19 23:49:00 info: Found 0 distributions to process
2025-05-19 23:50:00 info: Found 0 distributions to process
2025-05-19 23:51:00 info: Found 0 distributions to process
2025-05-19 23:52:00 info: Found 0 distributions to process
2025-05-19 23:53:00 info: Found 0 distributions to process
2025-05-19 23:54:00 info: Found 0 distributions to process
2025-05-19 23:55:00 info: Found 0 distributions to process
2025-05-19 23:56:00 info: Found 0 distributions to process
2025-05-19 23:57:00 info: Found 0 distributions to process
2025-05-19 23:58:00 info: Found 0 distributions to process
2025-05-19 23:59:00 info: Found 0 distributions to process
