2025-05-20 00:08:42 error: Error initializing trending updates
2025-05-20 00:08:55 error: Error initializing trending updates
2025-05-20 00:08:58 error: Error initializing trending updates
2025-05-20 00:09:03 error: Error initializing trending updates
2025-05-20 00:09:05 error: Error initializing trending updates
2025-05-20 00:09:09 error: Error initializing trending updates
2025-05-20 00:09:23 error: Error initializing trending updates
2025-05-20 00:09:25 error: Error initializing trending updates
2025-05-20 00:09:26 error: Error initializing trending updates
2025-05-20 00:09:42 error: Error initializing trending updates
2025-05-20 00:10:43 error: Error initializing trending updates
2025-05-20 00:10:50 error: Error initializing trending updates
2025-05-20 00:11:03 error: Error initializing trending updates
2025-05-20 00:11:30 error: Error initializing trending updates
2025-05-19 21:12:54 error: ERROR 💥
2025-05-19 21:13:14 error: Error sending email
2025-05-19 21:13:14 error: Error sending verification email
2025-05-19 21:13:14 error: ERROR 💥
2025-05-19 21:14:13 error: Error sending email
2025-05-19 21:14:14 error: Error sending verification email
2025-05-19 21:14:14 error: ERROR 💥
2025-05-19 21:15:26 error: Error sending email
2025-05-19 21:15:26 error: Error sending verification email
2025-05-19 21:15:26 error: ERROR 💥
2025-05-19 21:17:19 error: ERROR 💥
2025-05-19 21:17:20 error: ERROR 💥
2025-05-19 21:19:05 error: ERROR 💥
2025-05-19 21:42:10 error: ERROR 💥
2025-05-19 21:42:29 error: ERROR 💥
2025-05-19 21:42:44 error: ERROR 💥
2025-05-19 21:43:11 error: ERROR 💥
2025-05-19 21:43:39 error: ERROR 💥
2025-05-19 21:44:32 error: ERROR 💥
2025-05-19 21:44:36 error: ERROR 💥
2025-05-19 21:44:42 error: ERROR 💥
2025-05-19 21:44:50 error: ERROR 💥
2025-05-19 21:46:15 error: ERROR 💥
2025-05-19 21:46:15 error: ERROR 💥
2025-05-19 21:46:15 error: ERROR 💥
2025-05-19 21:46:20 error: ERROR 💥
2025-05-19 21:46:49 error: Error parsing WordPress XML file
2025-05-19 21:46:49 error: WordPress preview failed
2025-05-19 21:46:49 error: ERROR 💥
2025-05-19 21:48:40 error: WordPress import failed
2025-05-19 21:48:40 error: WordPress import failed
